Thu Nov 01 2018 23:20:50 GMT-0400 (EDT)		22401 words
Fri Nov 02 2018 17:31:37 GMT-0400 (EDT)		22404 words
Sat Nov 03 2018 15:58:19 GMT-0400 (EDT)		21892 words
Mon Nov 05 2018 20:27:23 GMT-0500 (EST)		23499 words
Wed Nov 07 2018 18:07:35 GMT-0500 (EST)		23832 words
Fri Nov 09 2018 16:19:56 GMT-0500 (EST)		24420 words
Sat Nov 10 2018 01:19:01 GMT-0500 (EST)		25051 words
Tue Nov 13 2018 17:05:44 GMT-0500 (EST)		25871 words
Wed Nov 14 2018 18:08:10 GMT-0500 (EST)		26541 words
Fri Nov 16 2018 00:37:29 GMT-0500 (EST)		26789 words
Sun Nov 18 2018 14:55:07 GMT-0500 (EST)		27435 words
Mon Nov 19 2018 22:15:44 GMT-0500 (EST)		29755 words
Thu Nov 22 2018 00:58:55 GMT-0500 (EST)		30680 words
Fri Nov 30 2018 23:14:46 GMT-0500 (Eastern Standard Time)		32660 words
Tue Dec 18 2018 03:22:35 GMT-0500 (EST)		33135 words
Sun Jan 13 2019 01:22:11 GMT-0500 (Eastern Standard Time)		33878 words
Sun Mar 31 2019 18:42:07 GMT-0400 (Eastern Daylight Time)		34771 words
Thu Apr 11 2019 01:51:33 GMT-0400 (Eastern Daylight Time)		36041 words
Tue Apr 30 2019 23:07:56 GMT-0400 (EDT)		36929 words
Sun May 05 2019 22:33:36 GMT-0400 (Eastern Daylight Time)		37851 words
Fri May 10 2019 17:54:05 GMT-0400 (Eastern Daylight Time)		38283 words
Mon May 13 2019 17:50:42 GMT-0400 (Eastern Daylight Time)		38487 words
Wed May 29 2019 01:22:27 GMT-0400 (Eastern Daylight Time)		38674 words
Sun Jun 02 2019 16:44:55 GMT-0400 (Eastern Daylight Time)		39862 words
Thu Jun 06 2019 15:38:15 GMT-0400 (Eastern Daylight Time)		40217 words
Mon Jun 10 2019 01:20:32 GMT-0400 (EDT)		40959 words
Tue Jun 11 2019 22:15:55 GMT-0400 (EDT)		41493 words
Sun Jun 23 2019 11:42:32 GMT-0400 (Eastern Daylight Time)		41599 words
Mon Jul 01 2019 17:40:45 GMT-0400 (Eastern Daylight Time)		41870 words
Tue Jul 02 2019 08:54:04 GMT-0400 (Eastern Daylight Time)		42222 words
Thu Jul 04 2019 17:37:48 GMT-0400 (Eastern Daylight Time)		42476 words
Fri Jul 05 2019 22:49:49 GMT-0400 (Eastern Daylight Time)		42713 words
Sat Jul 06 2019 23:18:14 GMT-0400 (Eastern Daylight Time)		42992 words
Mon Jul 08 2019 00:15:29 GMT-0400 (Eastern Daylight Time)		43165 words
Tue Jul 09 2019 09:21:40 GMT-0400 (EDT)		43455 words
Wed Jul 10 2019 00:50:16 GMT-0400 (Eastern Daylight Time)		43657 words
Thu Jul 11 2019 09:22:13 GMT-0400 (EDT)		43806 words
Sun Jul 14 2019 16:03:47 GMT-0400 (Eastern Daylight Time)		44322 words
Mon Jul 15 2019 23:52:46 GMT-0400 (Eastern Daylight Time)		44419 words
Wed Jul 17 2019 08:19:16 GMT-0400 (Eastern Daylight Time)		44503 words
Fri Jul 19 2019 00:15:28 GMT-0400 (Eastern Daylight Time)		44565 words
Sun Jul 21 2019 01:34:17 GMT-0400 (Eastern Daylight Time)		44775 words
Mon Jul 22 2019 01:47:28 GMT-0400 (EDT)		44948 words
Wed Jul 31 2019 09:13:26 GMT-0400 (Eastern Daylight Time)		45115 words
Sun Aug 04 2019 22:37:48 GMT-0400 (EDT)		45582 words
Sun Aug 11 2019 23:26:28 GMT-0400 (Eastern Daylight Time)		45665 words
Tue Sep 03 2019 09:26:43 GMT-0400 (EDT)		46230 words
Thu Sep 05 2019 22:52:29 GMT-0400 (Eastern Daylight Time)		46849 words
Sun Sep 08 2019 21:01:31 GMT-0700 (Pacific Daylight Time)		46867 words
Thu Sep 12 2019 00:23:23 GMT-0400 (Eastern Daylight Time)		47099 words
Sun Sep 29 2019 14:49:23 GMT-0400 (Eastern Daylight Time)		47375 words
Sun Oct 06 2019 22:09:29 GMT-0400 (Eastern Daylight Time)		47907 words
Sat Oct 19 2019 23:25:23 GMT-0400 (EDT)		48113 words
Tue Oct 22 2019 01:25:58 GMT-0400 (EDT)		48413 words
Fri Oct 25 2019 20:38:50 GMT-0400 (Eastern Daylight Time)		48819 words
Sun Oct 27 2019 14:53:34 GMT-0400 (Eastern Daylight Time)		49258 words
Fri Nov 01 2019 20:57:21 GMT-0400 (EDT)		49435 words
Sat Nov 02 2019 22:05:15 GMT-0400 (Eastern Daylight Time)		51751 words
Tue Nov 05 2019 07:44:07 GMT-0500 (Eastern Standard Time)		51778 words
Sat Nov 09 2019 19:58:45 GMT-0500 (EST)		53512 words
Sun Nov 10 2019 14:26:13 GMT-0500 (EST)		53815 words
Thu Nov 14 2019 21:17:55 GMT-0500 (EST)		54373 words
Fri Nov 15 2019 21:14:13 GMT-0500 (EST)		54614 words
Sat Nov 16 2019 20:31:05 GMT-0500 (Eastern Standard Time)		55532 words
Sun Nov 17 2019 14:05:30 GMT-0500 (EST)		56100 words
Tue Nov 19 2019 00:58:13 GMT-0500 (Eastern Standard Time)		57021 words
Mon Nov 25 2019 00:49:10 GMT-0500 (Eastern Standard Time)		57361 words
Wed Nov 27 2019 08:59:14 GMT-0500 (Eastern Standard Time)		57238 words
Thu Nov 28 2019 01:34:58 GMT-0500 (Eastern Standard Time)		57773 words
Wed Dec 04 2019 01:57:46 GMT-0500 (Eastern Standard Time)		58458 words
Fri Dec 06 2019 21:57:58 GMT-0500 (Eastern Standard Time)		58537 words
Mon Dec 16 2019 02:39:04 GMT-0500 (Eastern Standard Time)		58832 words
Sun Dec 29 2019 00:20:15 GMT-0500 (Eastern Standard Time)		58960 words
Tue Dec 31 2019 01:48:18 GMT-0500 (Eastern Standard Time)		59211 words
Tue Dec 31 2019 19:53:17 GMT-0500 (Eastern Standard Time)		59905 words
Tue Dec 31 2019 20:38:02 GMT-0500 (Eastern Standard Time)		60212 words
Thu Jan 02 2020 01:02:09 GMT-0500 (Eastern Standard Time)		60727 words
Fri Jan 03 2020 22:20:47 GMT-0500 (Eastern Standard Time)		61301 words
Sun Jan 12 2020 16:12:08 GMT-0500 (Eastern Standard Time)		61279 words
Sun Jan 19 2020 00:09:30 GMT-0500 (Eastern Standard Time)		61868 words
Sun Feb 02 2020 01:01:30 GMT-0500 (Eastern Standard Time)		62846 words
Sun Feb 02 2020 11:55:00 GMT-0500 (Eastern Standard Time)		62846 words
Sun Feb 09 2020 12:29:52 GMT-0500 (Eastern Standard Time)		63319 words
Mon Feb 10 2020 09:30:42 GMT-0500 (Eastern Standard Time)		63543 words
Mon Feb 17 2020 12:19:40 GMT-0500 (Eastern Standard Time)		64174 words
Tue Feb 18 2020 01:08:53 GMT-0500 (EST)		64436 words
Mon Feb 24 2020 09:29:41 GMT-0500 (EST)		64812 words
Wed Feb 26 2020 00:08:35 GMT-0500 (Eastern Standard Time)		64920 words
Sun Mar 01 2020 23:52:17 GMT-0500 (Eastern Standard Time)		64982 words
Mon Mar 02 2020 00:04:59 GMT-0500 (Eastern Standard Time)		65072 words
Thu Mar 12 2020 01:45:22 GMT-0400 (Eastern Daylight Time)		65437 words
Sun Mar 29 2020 13:36:32 GMT-0400 (Eastern Daylight Time)		65900 words
Mon Mar 30 2020 09:44:10 GMT-0400 (Eastern Daylight Time)		66070 words
Tue Mar 31 2020 09:41:05 GMT-0400 (Eastern Daylight Time)		66190 words
Wed Apr 01 2020 09:37:29 GMT-0400 (Eastern Daylight Time)		66410 words
Thu Apr 02 2020 09:56:26 GMT-0400 (Eastern Daylight Time)		66603 words
Fri Apr 03 2020 09:42:27 GMT-0400 (Eastern Daylight Time)		66685 words
Sun Apr 05 2020 15:13:44 GMT-0400 (Eastern Daylight Time)		67071 words
Mon Apr 06 2020 09:46:17 GMT-0400 (Eastern Daylight Time)		67234 words
Tue Apr 07 2020 09:59:35 GMT-0400 (Eastern Daylight Time)		67495 words
Wed Apr 08 2020 09:43:46 GMT-0400 (Eastern Daylight Time)		68145 words
Thu Apr 09 2020 09:54:14 GMT-0400 (Eastern Daylight Time)		68286 words
Fri Apr 10 2020 09:56:11 GMT-0400 (Eastern Daylight Time)		68525 words
Mon Apr 13 2020 09:58:00 GMT-0400 (Eastern Daylight Time)		68469 words
Tue Apr 14 2020 09:29:00 GMT-0400 (Eastern Daylight Time)		68564 words
Wed Apr 15 2020 09:57:13 GMT-0400 (Eastern Daylight Time)		68882 words
Thu Apr 16 2020 09:52:35 GMT-0400 (Eastern Daylight Time)		68758 words
Fri Apr 17 2020 09:53:51 GMT-0400 (Eastern Daylight Time)		68885 words
Mon Apr 20 2020 09:55:31 GMT-0400 (Eastern Daylight Time)		68986 words
Tue Apr 21 2020 10:00:56 GMT-0400 (Eastern Daylight Time)		69086 words
Wed Apr 22 2020 09:50:17 GMT-0400 (Eastern Daylight Time)		69173 words
Thu Apr 23 2020 09:52:53 GMT-0400 (Eastern Daylight Time)		69397 words
Fri Apr 24 2020 09:57:42 GMT-0400 (Eastern Daylight Time)		69415 words
Mon Apr 27 2020 09:51:44 GMT-0400 (Eastern Daylight Time)		69547 words
Mon Apr 27 2020 09:54:54 GMT-0400 (Eastern Daylight Time)		69568 words
Tue Apr 28 2020 09:56:07 GMT-0400 (Eastern Daylight Time)		69700 words
Wed Apr 29 2020 09:51:45 GMT-0400 (Eastern Daylight Time)		70119 words
Thu Apr 30 2020 09:53:19 GMT-0400 (Eastern Daylight Time)		70316 words
Fri May 01 2020 09:46:47 GMT-0400 (Eastern Daylight Time)		70368 words
Mon May 04 2020 09:57:07 GMT-0400 (Eastern Daylight Time)		70519 words
Tue May 05 2020 09:58:12 GMT-0400 (Eastern Daylight Time)		70565 words
Wed May 06 2020 09:50:54 GMT-0400 (Eastern Daylight Time)		70644 words
Thu May 07 2020 10:35:00 GMT-0400 (Eastern Daylight Time)		71581 words
Fri May 08 2020 09:54:06 GMT-0400 (Eastern Daylight Time)		71603 words
Mon May 11 2020 09:53:56 GMT-0400 (Eastern Daylight Time)		71828 words
Mon May 11 2020 09:54:53 GMT-0400 (Eastern Daylight Time)		67377 words
Mon May 11 2020 09:55:29 GMT-0400 (Eastern Daylight Time)		70072 words
Wed May 13 2020 09:52:10 GMT-0400 (Eastern Daylight Time)		70405 words
Thu May 14 2020 09:51:28 GMT-0400 (Eastern Daylight Time)		70586 words
Fri May 15 2020 09:44:03 GMT-0400 (Eastern Daylight Time)		70728 words
Fri May 15 2020 09:45:29 GMT-0400 (Eastern Daylight Time)		70730 words
Sun May 17 2020 16:05:18 GMT-0400 (Eastern Daylight Time)		71290 words
Mon May 18 2020 09:53:55 GMT-0400 (Eastern Daylight Time)		71467 words
Wed May 20 2020 10:00:34 GMT-0400 (Eastern Daylight Time)		71902 words
Thu May 21 2020 09:53:29 GMT-0400 (Eastern Daylight Time)		72184 words
Thu May 28 2020 09:57:15 GMT-0400 (Eastern Daylight Time)		72933 words
Fri May 29 2020 09:58:06 GMT-0400 (Eastern Daylight Time)		72929 words
Mon Jun 01 2020 10:04:53 GMT-0400 (Eastern Daylight Time)		73066 words
Tue Jun 02 2020 09:55:04 GMT-0400 (Eastern Daylight Time)		73147 words
Wed Jun 03 2020 09:58:55 GMT-0400 (Eastern Daylight Time)		73783 words
Fri Jun 05 2020 09:57:42 GMT-0400 (Eastern Daylight Time)		73970 words
Wed Jun 10 2020 09:59:16 GMT-0400 (Eastern Daylight Time)		74452 words
Fri Jun 12 2020 09:51:05 GMT-0400 (Eastern Daylight Time)		74809 words
Tue Jun 16 2020 09:58:49 GMT-0400 (Eastern Daylight Time)		75273 words
Wed Jun 17 2020 10:01:28 GMT-0400 (Eastern Daylight Time)		75642 words
Thu Jun 18 2020 09:58:28 GMT-0400 (Eastern Daylight Time)		75958 words
Fri Jun 19 2020 09:42:38 GMT-0400 (Eastern Daylight Time)		76175 words
Mon Jun 22 2020 22:37:25 GMT-0400 (Eastern Daylight Time)		76638 words
Wed Jun 24 2020 09:59:34 GMT-0400 (Eastern Daylight Time)		77107 words
Mon Jun 29 2020 09:59:18 GMT-0400 (Eastern Daylight Time)		77378 words
Tue Jun 30 2020 10:09:04 GMT-0400 (Eastern Daylight Time)		77472 words
Thu Jul 02 2020 09:58:38 GMT-0400 (Eastern Daylight Time)		77933 words
Fri Jul 03 2020 09:47:51 GMT-0400 (Eastern Daylight Time)		78005 words
Fri Jul 03 2020 16:38:31 GMT-0400 (Eastern Daylight Time)		78363 words
Mon Jul 06 2020 09:37:03 GMT-0400 (Eastern Daylight Time)		78430 words
Tue Jul 07 2020 21:10:10 GMT-0400 (Eastern Daylight Time)		79375 words
Tue Jul 07 2020 21:21:26 GMT-0400 (Eastern Daylight Time)		79463 words
Tue Jul 07 2020 21:43:46 GMT-0400 (Eastern Daylight Time)		79580 words
Mon Jul 13 2020 10:40:23 GMT-0400 (Eastern Daylight Time)		79803 words
Tue Jul 14 2020 10:08:36 GMT-0400 (Eastern Daylight Time)		80041 words
Tue Jul 21 2020 09:58:23 GMT-0400 (Eastern Daylight Time)		80708 words
Fri Jul 24 2020 10:03:14 GMT-0400 (Eastern Daylight Time)		81275 words
Wed Jul 29 2020 09:51:44 GMT-0400 (Eastern Daylight Time)		81597 words
Thu Jul 30 2020 09:50:58 GMT-0400 (Eastern Daylight Time)		81751 words
Fri Jul 31 2020 10:19:54 GMT-0400 (Eastern Daylight Time)		82132 words
Tue Aug 04 2020 10:00:33 GMT-0400 (Eastern Daylight Time)		82517 words
Thu Aug 06 2020 10:08:26 GMT-0400 (Eastern Daylight Time)		82951 words
Fri Aug 07 2020 09:57:55 GMT-0400 (Eastern Daylight Time)		83013 words
Tue Aug 11 2020 10:57:20 GMT-0400 (Eastern Daylight Time)		83301 words
Fri Aug 21 2020 10:41:02 GMT-0400 (Eastern Daylight Time)		84714 words
Sun Aug 23 2020 19:47:18 GMT-0400 (Eastern Daylight Time)		84861 words
Mon Aug 24 2020 10:32:24 GMT-0400 (Eastern Daylight Time)		85235 words
Thu Aug 27 2020 11:19:25 GMT-0400 (Eastern Daylight Time)		86490 words
Fri Aug 28 2020 11:18:27 GMT-0400 (Eastern Daylight Time)		87625 words
Mon Aug 31 2020 10:31:45 GMT-0400 (Eastern Daylight Time)		87801 words
Wed Sep 02 2020 10:09:48 GMT-0400 (Eastern Daylight Time)		88427 words
Thu Sep 03 2020 10:56:48 GMT-0400 (Eastern Daylight Time)		88693 words
Mon Sep 07 2020 10:17:04 GMT-0400 (Eastern Daylight Time)		88870 words
Tue Sep 08 2020 10:29:18 GMT-0400 (Eastern Daylight Time)		88970 words
Wed Sep 09 2020 10:19:45 GMT-0400 (Eastern Daylight Time)		89147 words
Wed Sep 09 2020 23:49:47 GMT-0400 (Eastern Daylight Time)		89562 words
Thu Sep 10 2020 10:30:10 GMT-0400 (Eastern Daylight Time)		89757 words
Fri Sep 11 2020 10:59:50 GMT-0400 (Eastern Daylight Time)		89938 words
Mon Sep 14 2020 09:59:56 GMT-0400 (Eastern Daylight Time)		89960 words
Mon Sep 14 2020 10:42:32 GMT-0400 (Eastern Daylight Time)		89977 words
Tue Sep 15 2020 11:03:57 GMT-0400 (Eastern Daylight Time)		90106 words
Wed Sep 16 2020 10:21:55 GMT-0400 (Eastern Daylight Time)		90438 words
Thu Sep 17 2020 09:58:37 GMT-0400 (Eastern Daylight Time)		90501 words
Mon Sep 21 2020 10:14:43 GMT-0400 (Eastern Daylight Time)		90764 words
Tue Sep 22 2020 10:36:01 GMT-0400 (Eastern Daylight Time)		91104 words
Wed Sep 23 2020 10:45:43 GMT-0400 (Eastern Daylight Time)		91145 words
Thu Sep 24 2020 00:38:15 GMT-0400 (Eastern Daylight Time)		91630 words
Thu Sep 24 2020 10:01:44 GMT-0400 (Eastern Daylight Time)		91671 words
Fri Sep 25 2020 09:57:31 GMT-0400 (Eastern Daylight Time)		91987 words
Fri Sep 25 2020 11:08:03 GMT-0400 (Eastern Daylight Time)		92068 words
Mon Sep 28 2020 09:57:24 GMT-0400 (Eastern Daylight Time)		92264 words
Tue Sep 29 2020 10:08:52 GMT-0400 (Eastern Daylight Time)		92511 words
Wed Sep 30 2020 00:36:20 GMT-0400 (Eastern Daylight Time)		92606 words
Wed Sep 30 2020 09:58:59 GMT-0400 (Eastern Daylight Time)		92869 words
Fri Oct 02 2020 09:56:59 GMT-0400 (Eastern Daylight Time)		92823 words
Tue Oct 06 2020 10:20:21 GMT-0400 (Eastern Daylight Time)		93272 words
Wed Oct 07 2020 10:26:30 GMT-0400 (Eastern Daylight Time)		91930 words
Fri Oct 09 2020 23:26:46 GMT-0400 (Eastern Daylight Time)		92572 words
Sat Oct 10 2020 14:11:31 GMT-0400 (Eastern Daylight Time)		92750 words
Mon Oct 12 2020 09:58:28 GMT-0400 (Eastern Daylight Time)		92773 words
Tue Oct 13 2020 09:56:00 GMT-0400 (Eastern Daylight Time)		92611 words
Wed Oct 21 2020 09:58:51 GMT-0400 (Eastern Daylight Time)		93310 words
Wed Oct 28 2020 00:24:31 GMT-0400 (Eastern Daylight Time)		92208 words
Wed Oct 28 2020 00:32:43 GMT-0400 (Eastern Daylight Time)		92238 words
Fri Oct 30 2020 09:56:46 GMT-0400 (Eastern Daylight Time)		92676 words
Mon Nov 02 2020 09:56:18 GMT-0500 (Eastern Standard Time)		92811 words
Tue Nov 03 2020 09:55:28 GMT-0500 (Eastern Standard Time)		92923 words
Tue Nov 03 2020 16:40:13 GMT-0500 (Eastern Standard Time)		93140 words
Fri Nov 13 2020 23:03:16 GMT-0500 (Eastern Standard Time)		94226 words
Mon Nov 16 2020 09:56:16 GMT-0500 (Eastern Standard Time)		94110 words
Mon Nov 23 2020 12:57:31 GMT-0500 (Eastern Standard Time)		94949 words
Thu Nov 26 2020 10:12:19 GMT-0500 (Eastern Standard Time)		95309 words
Mon Nov 30 2020 09:55:48 GMT-0500 (Eastern Standard Time)		95478 words
Tue Dec 01 2020 00:30:57 GMT-0500 (Eastern Standard Time)		95772 words
Fri Dec 04 2020 23:12:03 GMT-0500 (Eastern Standard Time)		96197 words
